# JRE version: Java(TM) SE Runtime Environment (8.0_311-b11) (build 1.8.0_311-b11)
# Java VM: Java HotSpot(TM) 64-Bit Server VM (25.311-b11 mixed mode windows-amd64 compressed oops)
Heap:
 PSYoungGen      total 286208K, used 28071K [0x000000076bd00000, 0x000000077ed00000, 0x00000007c0000000)
  eden space 268288K, 3% used [0x000000076bd00000,0x000000076c6f0b98,0x000000077c300000)
  from space 17920K, 99% used [0x000000077ca00000,0x000000077db793e0,0x000000077db80000)
  to   space 12288K, 0% used [0x000000077e100000,0x000000077e100000,0x000000077ed00000)
 ParOldGen       total 232448K, used 34733K [0x00000006c3600000, 0x00000006d1900000, 0x000000076bd00000)
  object space 232448K, 14% used [0x00000006c3600000,0x00000006c57eb6b8,0x00000006d1900000)
 Metaspace       used 69443K, capacity 73040K, committed 73216K, reserved 1114112K
  class space    used 8486K, capacity 9145K, committed 9216K, reserved 1048576K
GC Heap History (10 events):
Event: 7.237 GC heap before
{Heap before GC invocations=10 (full 2):
 PSYoungGen      total 177152K, used 171630K [0x000000076bd00000, 0x000000077b600000, 0x00000007c0000000)
  eden space 161280K, 100% used [0x000000076bd00000,0x0000000775a80000,0x0000000775a80000)
  from space 15872K, 65% used [0x0000000775a80000,0x000000077649ba00,0x0000000776a00000)
  to   space 15360K, 0% used [0x000000077a700000,0x000000077a700000,0x000000077b600000)
 ParOldGen       total 162816K, used 19671K [0x00000006c3600000, 0x00000006cd500000, 0x000000076bd00000)
  object space 162816K, 12% used [0x00000006c3600000,0x00000006c4935c48,0x00000006cd500000)
 Metaspace       used 45287K, capacity 47042K, committed 47360K, reserved 1091584K
  class space    used 5732K, capacity 6089K, committed 6144K, reserved 1048576K
Event: 7.250 GC heap after
Heap after GC invocations=10 (full 2):
 PSYoungGen      total 240128K, used 9158K [0x000000076bd00000, 0x000000077bc80000, 0x00000007c0000000)
  eden space 224768K, 0% used [0x000000076bd00000,0x000000076bd00000,0x0000000779880000)
  from space 15360K, 59% used [0x000000077a700000,0x000000077aff1aa8,0x000000077b600000)
  to   space 14848K, 0% used [0x0000000779880000,0x0000000779880000,0x000000077a700000)
 ParOldGen       total 162816K, used 19679K [0x00000006c3600000, 0x00000006cd500000, 0x000000076bd00000)
  object space 162816K, 12% used [0x00000006c3600000,0x00000006c4937c48,0x00000006cd500000)
 Metaspace       used 45287K, capacity 47042K, committed 47360K, reserved 1091584K
  class space    used 5732K, capacity 6089K, committed 6144K, reserved 1048576K
}
Event: 9.353 GC heap before
{Heap before GC invocations=11 (full 2):
 PSYoungGen      total 240128K, used 133978K [0x000000076bd00000, 0x000000077bc80000, 0x00000007c0000000)
  eden space 224768K, 55% used [0x000000076bd00000,0x00000007736e4e50,0x0000000779880000)
  from space 15360K, 59% used [0x000000077a700000,0x000000077aff1aa8,0x000000077b600000)
  to   space 14848K, 0% used [0x0000000779880000,0x0000000779880000,0x000000077a700000)
 ParOldGen       total 162816K, used 19679K [0x00000006c3600000, 0x00000006cd500000, 0x000000076bd00000)
  object space 162816K, 12% used [0x00000006c3600000,0x00000006c4937c48,0x00000006cd500000)
 Metaspace       used 56918K, capacity 59068K, committed 59160K, reserved 1101824K
  class space    used 7043K, capacity 7461K, committed 7552K, reserved 1048576K
Event: 9.373 GC heap after
Heap after GC invocations=11 (full 2):
 PSYoungGen      total 239616K, used 14835K [0x000000076bd00000, 0x000000077f300000, 0x00000007c0000000)
  eden space 224768K, 0% used [0x000000076bd00000,0x000000076bd00000,0x0000000779880000)
  from space 14848K, 99% used [0x0000000779880000,0x000000077a6fce88,0x000000077a700000)
  to   space 18432K, 0% used [0x000000077e100000,0x000000077e100000,0x000000077f300000)
 ParOldGen       total 162816K, used 24435K [0x00000006c3600000, 0x00000006cd500000, 0x000000076bd00000)
  object space 162816K, 15% used [0x00000006c3600000,0x00000006c4ddccc8,0x00000006cd500000)
 Metaspace       used 56918K, capacity 59068K, committed 59160K, reserved 1101824K
  class space    used 7043K, capacity 7461K, committed 7552K, reserved 1048576K
}
Event: 9.373 GC heap before
{Heap before GC invocations=12 (full 3):
 PSYoungGen      total 239616K, used 14835K [0x000000076bd00000, 0x000000077f300000, 0x00000007c0000000)
  eden space 224768K, 0% used [0x000000076bd00000,0x000000076bd00000,0x0000000779880000)
  from space 14848K, 99% used [0x0000000779880000,0x000000077a6fce88,0x000000077a700000)
  to   space 18432K, 0% used [0x000000077e100000,0x000000077e100000,0x000000077f300000)
 ParOldGen       total 162816K, used 24435K [0x00000006c3600000, 0x00000006cd500000, 0x000000076bd00000)
  object space 162816K, 15% used [0x00000006c3600000,0x00000006c4ddccc8,0x00000006cd500000)
 Metaspace       used 56918K, capacity 59068K, committed 59160K, reserved 1101824K
  class space    used 7043K, capacity 7461K, committed 7552K, reserved 1048576K
Event: 9.523 GC heap after
Heap after GC invocations=12 (full 3):
 PSYoungGen      total 239616K, used 0K [0x000000076bd00000, 0x000000077f300000, 0x00000007c0000000)
  eden space 224768K, 0% used [0x000000076bd00000,0x000000076bd00000,0x0000000779880000)
  from space 14848K, 0% used [0x0000000779880000,0x0000000779880000,0x000000077a700000)
  to   space 18432K, 0% used [0x000000077e100000,0x000000077e100000,0x000000077f300000)
 ParOldGen       total 232448K, used 32415K [0x00000006c3600000, 0x00000006d1900000, 0x000000076bd00000)
  object space 232448K, 13% used [0x00000006c3600000,0x00000006c55a7d88,0x00000006d1900000)
 Metaspace       used 56911K, capacity 59056K, committed 59160K, reserved 1101824K
  class space    used 7042K, capacity 7459K, committed 7552K, reserved 1048576K
}
Event: 11.073 GC heap before
{Heap before GC invocations=13 (full 3):
 PSYoungGen      total 239616K, used 224768K [0x000000076bd00000, 0x000000077f300000, 0x00000007c0000000)
  eden space 224768K, 100% used [0x000000076bd00000,0x0000000779880000,0x0000000779880000)
  from space 14848K, 0% used [0x0000000779880000,0x0000000779880000,0x000000077a700000)
  to   space 18432K, 0% used [0x000000077e100000,0x000000077e100000,0x000000077f300000)
 ParOldGen       total 232448K, used 32415K [0x00000006c3600000, 0x00000006d1900000, 0x000000076bd00000)
  object space 232448K, 13% used [0x00000006c3600000,0x00000006c55a7d88,0x00000006d1900000)
 Metaspace       used 64115K, capacity 66724K, committed 66944K, reserved 1107968K
  class space    used 7744K, capacity 8203K, committed 8320K, reserved 1048576K
Event: 11.083 GC heap after
Heap after GC invocations=13 (full 3):
 PSYoungGen      total 280576K, used 11974K [0x000000076bd00000, 0x000000077ed00000, 0x00000007c0000000)
  eden space 268288K, 0% used [0x000000076bd00000,0x000000076bd00000,0x000000077c300000)
  from space 12288K, 97% used [0x000000077e100000,0x000000077ecb1a48,0x000000077ed00000)
  to   space 17920K, 0% used [0x000000077ca00000,0x000000077ca00000,0x000000077db80000)
 ParOldGen       total 232448K, used 32423K [0x00000006c3600000, 0x00000006d1900000, 0x000000076bd00000)
  object space 232448K, 13% used [0x00000006c3600000,0x00000006c55a9d88,0x00000006d1900000)
 Metaspace       used 64115K, capacity 66724K, committed 66944K, reserved 1107968K
  class space    used 7744K, capacity 8203K, committed 8320K, reserved 1048576K
}
Event: 13.559 GC heap before
{Heap before GC invocations=14 (full 3):
 PSYoungGen      total 280576K, used 280262K [0x000000076bd00000, 0x000000077ed00000, 0x00000007c0000000)
  eden space 268288K, 100% used [0x000000076bd00000,0x000000077c300000,0x000000077c300000)
  from space 12288K, 97% used [0x000000077e100000,0x000000077ecb1a48,0x000000077ed00000)
  to   space 17920K, 0% used [0x000000077ca00000,0x000000077ca00000,0x000000077db80000)
 ParOldGen       total 232448K, used 32423K [0x00000006c3600000, 0x00000006d1900000, 0x000000076bd00000)
  object space 232448K, 13% used [0x00000006c3600000,0x00000006c55a9d88,0x00000006d1900000)
 Metaspace       used 68976K, capacity 72314K, committed 72576K, reserved 1112064K
  class space    used 8389K, capacity 8992K, committed 9088K, reserved 1048576K
Event: 15.573 GC heap after
Heap after GC invocations=14 (full 3):
 PSYoungGen      total 286208K, used 17892K [0x000000076bd00000, 0x000000077ed00000, 0x00000007c0000000)
  eden space 268288K, 0% used [0x000000076bd00000,0x000000076bd00000,0x000000077c300000)
  from space 17920K, 99% used [0x000000077ca00000,0x000000077db793e0,0x000000077db80000)
  to   space 12288K, 0% used [0x000000077e100000,0x000000077e100000,0x000000077ed00000)
 ParOldGen       total 232448K, used 34733K [0x00000006c3600000, 0x00000006d1900000, 0x000000076bd00000)
  object space 232448K, 14% used [0x00000006c3600000,0x00000006c57eb6b8,0x00000006d1900000)
 Metaspace       used 68976K, capacity 72314K, committed 72576K, reserved 1112064K
  class space    used 8389K, capacity 8992K, committed 9088K, reserved 1048576K
}

